[13:50:54] sent failed : o19930@126.com, [The following From address failed: email@huocoin.wang : Called Mail() without being connected] 
[13:50:54] sent failed : o19930@126.com, [The following From address failed: email@huocoin.wang : Called Mail() without being connected] 
[13:50:54] sent failed : o19930@126.com, [The following From address failed: email@huocoin.wang : Called Mail() without being connected] 
[13:50:54] sent failed : o19930@126.com, [The following From address failed: email@huocoin.wang : Called Mail() without being connected] 
[13:50:54] sent failed : dsfd@125.com, [The following From address failed: email@huocoin.wang : Called Mail() without being connected] 
[13:50:54] sent failed : wewqe@126.com, [The following From address failed: email@huocoin.wang : Called Mail() without being connected] 
[13:50:54] sent failed : o19930@126.com, [The following From address failed: email@huocoin.wang : Called Mail() without being connected] 
[13:50:54] sent failed : o19930@126.com, [The following From address failed: email@huocoin.wang : Called Mail() without being connected] 
[13:50:54] sent failed : o19930@126.com, [The following From address failed: email@huocoin.wang : Called Mail() without being connected] 
[13:50:54] sent failed : o19930@126.com, [The following From address failed: email@huocoin.wang : Called Mail() without being connected] 
[13:50:54] sent failed : o19930@126.com, [The following From address failed: email@huocoin.wang : Called Mail() without being connected] 
[13:50:54] sent failed : o19930@126.com, [The following From address failed: email@huocoin.wang : Called Mail() without being connected] 
[13:50:54] sent failed : o19930@126.com, [The following From address failed: email@huocoin.wang : Called Mail() without being connected] 
[13:50:54] sent failed : o19930@126.com, [The following From address failed: email@huocoin.wang : Called Mail() without being connected] 
[13:50:54] sent failed : o19930@126.com, [The following From address failed: email@huocoin.wang : Called Mail() without being connected] 
[13:50:54] sent failed : o19930@126.com, [The following From address failed: email@huocoin.wang : Called Mail() without being connected] 
[13:50:54] sent failed : o19930@126.com, [The following From address failed: email@huocoin.wang : Called Mail() without being connected] 
[13:50:54] sent failed : o19930@126.com, [The following From address failed: email@huocoin.wang : Called Mail() without being connected] 
[13:50:54] sent failed : o19930@126.com, [The following From address failed: email@huocoin.wang : Called Mail() without being connected] 
[13:50:54] sent failed : o19930@126.com, [The following From address failed: email@huocoin.wang : Called Mail() without being connected] 
[13:50:54] sent failed : o19930@126.com, [The following From address failed: email@huocoin.wang : Called Mail() without being connected] 
[13:50:54] sent failed : o19930@126.com, [The following From address failed: email@huocoin.wang : Called Mail() without being connected] 
[13:50:54] sent failed : o19930@126.com, [The following From address failed: email@huocoin.wang : Called Mail() without being connected] 
[13:50:54] sent failed : o19930@126.com, [The following From address failed: email@huocoin.wang : Called Mail() without being connected] 
[13:50:54] sent failed : o19390@126.com, [The following From address failed: email@huocoin.wang : Called Mail() without being connected] 
[13:50:54] sent failed : err@145.com, [The following From address failed: email@huocoin.wang : Called Mail() without being connected] 
[13:50:54] sent failed : err@145.com, [The following From address failed: email@huocoin.wang : Called Mail() without being connected] 
[13:50:54] sent failed : err@145.com, [The following From address failed: email@huocoin.wang : Called Mail() without being connected] 
[13:50:54] sent failed : err@145.com, [The following From address failed: email@huocoin.wang : Called Mail() without being connected] 
[13:50:54] sent failed : err@145.com1, [The following From address failed: email@huocoin.wang : Called Mail() without being connected] 
[13:50:54] sent failed : err@145.com1111, [The following From address failed: email@huocoin.wang : Called Mail() without being connected] 
[13:50:54] sent failed : err@145.com1111, [The following From address failed: email@huocoin.wang : Called Mail() without being connected] 
[13:50:54] sent failed : err@145.com1111, [The following From address failed: email@huocoin.wang : Called Mail() without being connected] 
[13:50:54] sent failed : err@145.com11111, [The following From address failed: email@huocoin.wang : Called Mail() without being connected] 
[13:50:54] sent failed : err@145.com11111, [The following From address failed: email@huocoin.wang : Called Mail() without being connected] 
[13:50:54] sent failed : err@145.com11111, [The following From address failed: email@huocoin.wang : Called Mail() without being connected] 
[13:50:54] sent failed : err@145.com111111, [The following From address failed: email@huocoin.wang : Called Mail() without being connected] 
[13:50:54] sent failed : err@145.com111111111, [The following From address failed: email@huocoin.wang : Called Mail() without being connected] 
[13:50:54] sent failed : err@145.com111111111, [The following From address failed: email@huocoin.wang : Called Mail() without being connected] 
[13:50:54] sent failed : err@145.com111111111, [The following From address failed: email@huocoin.wang : Called Mail() without being connected] 
[13:50:54] sent failed : err@145.com111111111, [The following From address failed: email@huocoin.wang : Called Mail() without being connected] 
[13:50:54] sent failed : err@145.com111111111, [The following From address failed: email@huocoin.wang : Called Mail() without being connected] 
[13:50:54] sent failed : err@145.com1111111111, [The following From address failed: email@huocoin.wang : Called Mail() without being connected] 
[13:50:54] sent failed : err@145.com1111111111, [The following From address failed: email@huocoin.wang : Called Mail() without being connected] 
[13:50:54] sent failed : err@145.com1111111111, [The following From address failed: email@huocoin.wang : Called Mail() without being connected] 
[13:50:54] sent failed : err@145.com1111111111, [The following From address failed: email@huocoin.wang : Called Mail() without being connected] 
[13:50:54] sent failed : err@145.com1111111111, [The following From address failed: email@huocoin.wang : Called Mail() without being connected] 
[13:50:54] sent failed : err@145.com1111111111, [The following From address failed: email@huocoin.wang : Called Mail() without being connected] 
[13:50:54] sent failed : err@145.co, [The following From address failed: email@huocoin.wang : Called Mail() without being connected] 
[13:50:54] sent failed : err@145.co, [The following From address failed: email@huocoin.wang : Called Mail() without being connected] 
[13:50:54] sent failed : err@145.co, [The following From address failed: email@huocoin.wang : Called Mail() without being connected] 
[13:50:54] sent failed : err@145.co, [The following From address failed: email@huocoin.wang : Called Mail() without being connected] 
[13:50:54] sent failed : err@145.co, [The following From address failed: email@huocoin.wang : Called Mail() without being connected] 
[13:50:54] sent failed : err@145.co, [The following From address failed: email@huocoin.wang : Called Mail() without being connected] 
[13:50:54] sent failed : err@145.co, [The following From address failed: email@huocoin.wang : Called Mail() without being connected] 
[13:50:54] sent failed : err@145.co, [The following From address failed: email@huocoin.wang : Called Mail() without being connected] 
[13:50:54] sent failed : err@145.co, [The following From address failed: email@huocoin.wang : Called Mail() without being connected] 
[13:50:54] sent failed : err@145.co, [The following From address failed: email@huocoin.wang : Called Mail() without being connected] 
[13:50:54] sent failed : o19930@126.com, [The following From address failed: email@huocoin.wang : Called Mail() without being connected] 
[13:53:24] sent failed : o19930@126.com, [The following From address failed: email@huocoin.wang : Called Mail() without being connected] 
